<?xml version="1.0" encoding="UTF-8"?>
<testng-results ignored="0" total="1" passed="1" failed="0" skipped="0">
  <reporter-output>
  </reporter-output>
  <suite started-at="2022-07-13T13:12:16 IST" name="Default suite" finished-at="2022-07-13T13:12:20 IST" duration-ms="4205">
    <groups>
    </groups>
    <test started-at="2022-07-13T13:12:16 IST" name="Default test" finished-at="2022-07-13T13:12:20 IST" duration-ms="4205">
      <class name="com.Zerodha.Testlayer.LoginPageTest">
        <test-method is-config="true" signature="initBrowser()[pri:0, instance:com.Zerodha.Testlayer.LoginPageTest@3a93b025]" started-at="2022-07-13T13:11:46 IST" name="initBrowser" finished-at="2022-07-13T13:12:16 IST" duration-ms="30413" status="PASS">
          <reporter-output>
          </reporter-output>
        </test-method> <!-- initBrowser -->
        <test-method signature="verifyLogin()[pri:0, instance:com.Zerodha.Testlayer.LoginPageTest@3a93b025]" started-at="2022-07-13T13:12:16 IST" name="verifyLogin" finished-at="2022-07-13T13:12:20 IST" duration-ms="4155" status="PASS">
          <reporter-output>
          </reporter-output>
        </test-method> <!-- verifyLogin -->
        <test-method is-config="true" signature="tearDown()[pri:0, instance:com.Zerodha.Testlayer.LoginPageTest@3a93b025]" started-at="2022-07-13T13:12:20 IST" name="tearDown" finished-at="2022-07-13T13:12:21 IST" duration-ms="560" status="PASS">
          <reporter-output>
          </reporter-output>
        </test-method> <!-- tearDown -->
      </class> <!-- com.Zerodha.Testlayer.LoginPageTest -->
    </test> <!-- Default test -->
  </suite> <!-- Default suite -->
</testng-results>
